[debug] [2023-10-02T20:10:52.254Z] ----------------------------------------------------------------------
[debug] [2023-10-02T20:10:52.258Z] Command:       C:\Program Files\nodejs\node.exe C:\Program Files\nodejs\node_modules\firebase-tools\lib\bin\firebase.js init
[debug] [2023-10-02T20:10:52.258Z] CLI Version:   12.6.0
[debug] [2023-10-02T20:10:52.258Z] Platform:      win32
[debug] [2023-10-02T20:10:52.259Z] Node Version:  v18.18.0
[debug] [2023-10-02T20:10:52.277Z] Time:          Mon Oct 02 2023 16:10:52 GMT-0400 (Eastern Daylight Time)
[debug] [2023-10-02T20:10:52.277Z] ----------------------------------------------------------------------
[debug] 
[debug] [2023-10-02T20:10:52.292Z] >>> [apiv2][query] GET https://firebase-public.firebaseio.com/cli.json [none]
[debug] [2023-10-02T20:10:52.385Z] > command requires scopes: ["email","openid","https://www.googleapis.com/auth/cloudplatformprojects.readonly","https://www.googleapis.com/auth/firebase","https://www.googleapis.com/auth/cloud-platform"]
[debug] [2023-10-02T20:10:52.385Z] > authorizing via signed-in user (simao.jessee@gmail.com)
[info] 
     ######## #### ########  ######## ########     ###     ######  ########
     ##        ##  ##     ## ##       ##     ##  ##   ##  ##       ##
     ######    ##  ########  ######   ########  #########  ######  ######
     ##        ##  ##    ##  ##       ##     ## ##     ##       ## ##
     ##       #### ##     ## ######## ########  ##     ##  ######  ########

You're about to initialize a Firebase project in this directory:

  C:\Users\jessi\Documents\programming\SoftDev2\mapp-makers\mapp-makers

[debug] [2023-10-02T20:10:52.557Z] <<< [apiv2][status] GET https://firebase-public.firebaseio.com/cli.json 200
[debug] [2023-10-02T20:10:52.557Z] <<< [apiv2][body] GET https://firebase-public.firebaseio.com/cli.json {"cloudBuildErrorAfter":1594252800000,"cloudBuildWarnAfter":1590019200000,"defaultNode10After":1594252800000,"minVersion":"3.0.5","node8DeploysDisabledAfter":1613390400000,"node8RuntimeDisabledAfter":1615809600000,"node8WarnAfter":1600128000000}
