[debug] [2023-10-01T14:51:05.690Z] ----------------------------------------------------------------------
[debug] [2023-10-01T14:51:05.692Z] Command:       C:\Program Files\nodejs\node.exe C:\Program Files\nodejs\node_modules\firebase-tools\lib\bin\firebase.js init
[debug] [2023-10-01T14:51:05.693Z] CLI Version:   12.6.0
[debug] [2023-10-01T14:51:05.693Z] Platform:      win32
[debug] [2023-10-01T14:51:05.693Z] Node Version:  v18.18.0
[debug] [2023-10-01T14:51:05.695Z] Time:          Sun Oct 01 2023 10:51:05 GMT-0400 (Eastern Daylight Time)
[debug] [2023-10-01T14:51:05.695Z] ----------------------------------------------------------------------
[debug] 
[debug] [2023-10-01T14:51:05.813Z] Object "" in "firebase.json" has unknown property: {"additionalProperty":"rules"}
[debug] [2023-10-01T14:51:05.821Z] > command requires scopes: ["email","openid","https://www.googleapis.com/auth/cloudplatformprojects.readonly","https://www.googleapis.com/auth/firebase","https://www.googleapis.com/auth/cloud-platform"]
[debug] [2023-10-01T14:51:05.822Z] > authorizing via signed-in user (simao.jessee@gmail.com)
[debug] [2023-10-01T14:51:05.823Z] Object "" in "firebase.json" has unknown property: {"additionalProperty":"rules"}
[info] 
     ######## #### ########  ######## ########     ###     ######  ########
     ##        ##  ##     ## ##       ##     ##  ##   ##  ##       ##
     ######    ##  ########  ######   ########  #########  ######  ######
     ##        ##  ##    ##  ##       ##     ## ##     ##       ## ##
     ##       #### ##     ## ######## ########  ##     ##  ######  ########

You're about to initialize a Firebase project in this directory:

  C:\Users\jessi

Before we get started, keep in mind:

  * You are initializing within an existing Firebase project directory

